<?xml version="1.0" encoding="UTF-8"?>
<testsuite xmlns:xsi="http://www.w3.org/2001/XMLSchema-instance" xsi:noNamespaceSchemaLocation="https://maven.apache.org/surefire/maven-surefire-plugin/xsd/surefire-test-report.xsd" name="monopoly.app.DeckTest" time="0" tests="2" errors="0" skipped="0" failures="0">
  <properties>
[...]
</properties>
  <testcase name="drawTest" classname="monopoly.app.DeckTest" time="0"/>
  <testcase name="orderTest" classname="monopoly.app.DeckTest" time="0"/>
</testsuite>